<?xml version="1.0" encoding="UTF-8"?>
<testng-results skipped="0" failed="0" total="0" passed="0">
  <reporter-output>
  </reporter-output>
  <suite name="Cucumber Framework" duration-ms="33763" started-at="2018-12-22T13:33:55Z" finished-at="2018-12-22T13:34:29Z">
    <groups>
    </groups>
    <test name="Cucumber Tests" duration-ms="33763" started-at="2018-12-22T13:33:55Z" finished-at="2018-12-22T13:34:29Z">
    </test> <!-- Cucumber Tests -->
  </suite> <!-- Cucumber Framework -->
</testng-results>
